[    0.000000] Linux version 4.15.0-212-generic (buildd@lcy02-amd64-083) (gcc version 7.5.0 (Ubuntu 7.5.0-3ubuntu1~18.04)) #223-Ubuntu SMP Tue May 23 13:09:22 UTC 2023 (Ubuntu 4.15.0-212.223-generic 4.15.18)
[    0.000000] Command line: BOOT_IMAGE=/boot/vmlinuz-4.15.0-212-generic root=LABEL=cloudimg-rootfs ro console=tty1 console=ttyS0
[    0.000000] KERNEL supported cpus:
[    0.000000]   Intel GenuineIntel
[    0.000000]   AMD AuthenticAMD
[    0.000000]   Centaur CentaurHauls
[    0.000000] x86/fpu: Supporting XSAVE feature 0x001: 'x87 floating point registers'
[    0.000000] x86/fpu: Supporting XSAVE feature 0x002: 'SSE registers'
[    0.000000] x86/fpu: Supporting XSAVE feature 0x004: 'AVX registers'
[    0.000000] x86/fpu: xstate_offset[2]:  576, xstate_sizes[2]:  256
[    0.000000] x86/fpu: Enabled xstate features 0x7, context size is 832 bytes, using 'standard' format.
[    0.000000] e820: BIOS-provided physical RAM map:
[    0.000000] BIOS-e820: [mem 0x0000000000000000-0x000000000009fbff] usable
[    0.000000] BIOS-e820: [mem 0x000000000009fc00-0x000000000009ffff] reserved
[    0.000000] BIOS-e820: [mem 0x00000000000f0000-0x00000000000fffff] reserved
[    0.000000] BIOS-e820: [mem 0x0000000000100000-0x000000007ffeffff] usable
[    0.000000] BIOS-e820: [mem 0x000000007fff0000-0x000000007fffffff] ACPI data
[    0.000000] BIOS-e820: [mem 0x00000000fec00000-0x00000000fec00fff] reserved
[    0.000000] BIOS-e820: [mem 0x00000000fee00000-0x00000000fee00fff] reserved
[    0.000000] BIOS-e820: [mem 0x00000000fffc0000-0x00000000ffffffff] reserved
[    0.000000] NX (Execute Disable) protection: active
[    0.000000] SMBIOS 2.5 present.
[    0.000000] DMI: innotek GmbH VirtualBox/VirtualBox, BIOS VirtualBox 12/01/2006
[    0.000000] Hypervisor detected: KVM
[    0.000000] e820: last_pfn = 0x7fff0 max_arch_pfn = 0x400000000
[    0.000000] MTRR: Disabled
[    0.000000] x86/PAT: MTRRs disabled, skipping PAT initialization too.
[    0.000000] CPU MTRRs all blank - virtualized system.
[    0.000000] x86/PAT: Configuration [0-7]: WB  WT  UC- UC  WB  WT  UC- UC  
[    0.000000] found SMP MP-table at [mem 0x0009fff0-0x0009ffff]
[    0.000000] Scanning 1 areas for low memory corruption
[    0.000000] RAMDISK: [mem 0x359cb000-0x36cdcfff]
[    0.000000] ACPI: Early table checksum verification disabled
[    0.000000] ACPI: RSDP 0x00000000000E0000 000024 (v02 VBOX  )
[    0.000000] ACPI: XSDT 0x000000007FFF0030 00003C (v01 VBOX   VBOXXSDT 00000001 ASL  00000061)
[    0.000000] ACPI: FACP 0x000000007FFF00F0 0000F4 (v04 VBOX   VBOXFACP 00000001 ASL  00000061)
[    0.000000] ACPI: DSDT 0x000000007FFF0610 002353 (v02 VBOX   VBOXBIOS 00000002 INTL 20100528)
[    0.000000] ACPI: FACS 0x000000007FFF0200 000040
[    0.000000] ACPI: FACS 0x000000007FFF0200 000040
[    0.000000] ACPI: APIC 0x000000007FFF0240 000054 (v02 VBOX   VBOXAPIC 00000001 ASL  00000061)
[    0.000000] ACPI: SSDT 0x000000007FFF02A0 00036C (v01 VBOX   VBOXCPUT 00000002 INTL 20100528)
[    0.000000] ACPI: Reserving FACP table memory at [mem 0x7fff00f0-0x7fff01e3]
[    0.000000] ACPI: Reserving DSDT table memory at [mem 0x7fff0610-0x7fff2962]
[    0.000000] ACPI: Reserving FACS table memory at [mem 0x7fff0200-0x7fff023f]
[    0.000000] ACPI: Reserving FACS table memory at [mem 0x7fff0200-0x7fff023f]
[    0.000000] ACPI: Reserving APIC table memory at [mem 0x7fff0240-0x7fff0293]
[    0.000000] ACPI: Reserving SSDT table memory at [mem 0x7fff02a0-0x7fff060b]
[    0.000000] No NUMA configuration found
[    0.000000] Faking a node at [mem 0x0000000000000000-0x000000007ffeffff]
[    0.000000] NODE_DATA(0) allocated [mem 0x7ffc5000-0x7ffeffff]
[    0.000000] kvm-clock: cpu 0, msr 0:7ff44001, primary cpu clock
[    0.000000] kvm-clock: Using msrs 4b564d01 and 4b564d00
[    0.000000] kvm-clock: using sched offset of 3429694945 cycles
[    0.000000] clocksource: kvm-clock: mask: 0xffffffffffffffff max_cycles: 0x1cd42e4dffb, max_idle_ns: 881590591483 ns
[    0.000000] Zone ranges:
[    0.000000]   DMA      [mem 0x0000000000001000-0x0000000000ffffff]
[    0.000000]   DMA32    [mem 0x0000000001000000-0x000000007ffeffff]
[    0.000000]   Normal   empty
[    0.000000]   Device   empty
[    0.000000] Movable zone start for each node
[    0.000000] Early memory node ranges
[    0.000000]   node   0: [mem 0x0000000000001000-0x000000000009efff]
[    0.000000]   node   0: [mem 0x0000000000100000-0x000000007ffeffff]
[    0.000000] Reserved but unavailable: 104 pages
[    0.000000] Initmem setup node 0 [mem 0x0000000000001000-0x000000007ffeffff]
[    0.000000] ACPI: PM-Timer IO Port: 0x4008
[    0.000000] IOAPIC[0]: apic_id 1, version 32, address 0xfec00000, GSI 0-23
[    0.000000] ACPI: INT_SRC_OVR (bus 0 bus_irq 0 global_irq 2 dfl dfl)
[    0.000000] ACPI: INT_SRC_OVR (bus 0 bus_irq 9 global_irq 9 low level)
[    0.000000] Using ACPI (MADT) for SMP configuration information
[    0.000000] smpboot: Allowing 1 CPUs, 0 hotplug CPUs
[    0.000000] PM: Registered nosave memory: [mem 0x00000000-0x00000fff]
[    0.000000] PM: Registered nosave memory: [mem 0x0009f000-0x0009ffff]
[    0.000000] PM: Registered nosave memory: [mem 0x000a0000-0x000effff]
[    0.000000] PM: Registered nosave memory: [mem 0x000f0000-0x000fffff]
[    0.000000] e820: [mem 0x80000000-0xfebfffff] available for PCI devices
[    0.000000] Booting paravirtualized kernel on KVM
[    0.000000] clocksource: refined-jiffies: mask: 0xffffffff max_cycles: 0xffffffff, max_idle_ns: 7645519600211568 ns
[    0.000000] setup_percpu: NR_CPUS:8192 nr_cpumask_bits:1 nr_cpu_ids:1 nr_node_ids:1
[    0.000000] percpu: Embedded 50 pages/cpu s167936 r8192 d28672 u2097152
[    0.000000] PV qspinlock hash table entries: 256 (order: 0, 4096 bytes)
[    0.000000] Built 1 zonelists, mobility grouping on.  Total pages: 515961
[    0.000000] Policy zone: DMA32
[    0.000000] Kernel command line: BOOT_IMAGE=/boot/vmlinuz-4.15.0-212-generic root=LABEL=cloudimg-rootfs ro console=tty1 console=ttyS0
[    0.000000] Memory: 2015036K/2096696K available (12300K kernel code, 2477K rwdata, 4324K rodata, 2480K init, 2720K bss, 81660K reserved, 0K cma-reserved)
[    0.000000] SLUB: HWalign=64, Order=0-3, MinObjects=0, CPUs=1, Nodes=1
[    0.000000] Kernel/User page tables isolation: enabled
[    0.000000] ftrace: allocating 39508 entries in 155 pages
[    0.004000] Hierarchical RCU implementation.
[    0.004000] 	RCU restricting CPUs from NR_CPUS=8192 to nr_cpu_ids=1.
[    0.004000] 	Tasks RCU enabled.
[    0.004000] RCU: Adjusting geometry for rcu_fanout_leaf=16, nr_cpu_ids=1
[    0.004000] NR_IRQS: 524544, nr_irqs: 256, preallocated irqs: 16
[    0.004000] random: crng init done
[    0.004000] Console: colour VGA+ 80x25
[    0.004000] console [tty1] enabled
[    0.004000] console [ttyS0] enabled
[    0.004000] ACPI: Core revision 20170831
[    0.004000] ACPI: 2 ACPI AML tables successfully acquired and loaded
[    0.004000] APIC: Switch to symmetric I/O mode setup
[    0.004000] x2apic enabled
[    0.004000] Switched APIC routing to physical x2apic.
[    0.004000] ..TIMER: vector=0x30 apic1=0 pin1=2 apic2=-1 pin2=-1
[    0.004004] tsc: Detected 3600.008 MHz processor
[    0.004819] Calibrating delay loop (skipped) preset value.. 7200.01 BogoMIPS (lpj=14400032)
[    0.005318] pid_max: default: 32768 minimum: 301
[    0.006161] Security Framework initialized
[    0.008008] Yama: becoming mindful.
[    0.008697] AppArmor: AppArmor initialized
[    0.012127] Dentry cache hash table entries: 262144 (order: 9, 2097152 bytes)
[    0.016035] Inode-cache hash table entries: 131072 (order: 8, 1048576 bytes)
[    0.017417] Mount-cache hash table entries: 4096 (order: 3, 32768 bytes)
[    0.018794] Mountpoint-cache hash table entries: 4096 (order: 3, 32768 bytes)
[    0.020382] process: using mwait in idle threads
[    0.021189] Last level iTLB entries: 4KB 64, 2MB 8, 4MB 8
[    0.023153] Last level dTLB entries: 4KB 64, 2MB 0, 4MB 0, 1GB 4
[    0.024005] Spectre V1 : Mitigation: usercopy/swapgs barriers and __user pointer sanitization
[    0.025383] Spectre V2 : Mitigation: Retpolines
[    0.026185] Spectre V2 : Spectre v2 / SpectreRSB mitigation: Filling RSB on context switch
[    0.028002] Spectre V2 : Spectre v2 / SpectreRSB : Filling RSB on VMEXIT
[    0.029060] RETBleed: WARNING: Spectre v2 mitigation leaves CPU vulnerable to RETBleed attacks, data leaks possible!
[    0.030653] RETBleed: Vulnerable
[    0.032002] Speculative Store Bypass: Vulnerable
[    0.032811] MDS: Mitigation: Clear CPU buffers
[    0.033544] MMIO Stale Data: Mitigation: Clear CPU buffers
[    0.034429] SRBDS: Unknown: Dependent on hypervisor status
[    0.048301] Freeing SMP alternatives memory: 36K
[    0.159066] smpboot: CPU0: Intel(R) Core(TM) i7-7700 CPU @ 3.60GHz (family: 0x6, model: 0x9e, stepping: 0x9)
[    0.160000] Performance Events: unsupported p6 CPU model 158 no PMU driver, software events only.
[    0.160000] Hierarchical SRCU implementation.
[    0.160481] NMI watchdog: Perf event create on CPU 0 failed with -2
[    0.164003] NMI watchdog: Perf NMI watchdog permanently disabled
[    0.165023] smp: Bringing up secondary CPUs ...
[    0.165850] smp: Brought up 1 node, 1 CPU
[    0.166801] smpboot: Max logical packages: 1
[    0.167520] smpboot: Total of 1 processors activated (7200.01 BogoMIPS)
[    0.168122] devtmpfs: initialized
[    0.168801] x86/mm: Memory block size: 128MB
[    0.169832] evm: security.selinux
[    0.170519] evm: security.SMACK64
[    0.172009] evm: security.SMACK64EXEC
[    0.172674] evm: security.SMACK64TRANSMUTE
[    0.173366] evm: security.SMACK64MMAP
[    0.174201] evm: security.apparmor
[    0.174883] evm: security.ima
[    0.175537] evm: security.capability
[    0.176118] clocksource: jiffies: mask: 0xffffffff max_cycles: 0xffffffff, max_idle_ns: 7645041785100000 ns
[    0.177707] futex hash table entries: 256 (order: 2, 16384 bytes)
[    0.178837] pinctrl core: initialized pinctrl subsystem
[    0.180084] RTC time:  3:24:55, date: 12/20/24
[    0.180851] NET: Registered protocol family 16
[    0.181715] audit: initializing netlink subsys (disabled)
[    0.182781] cpuidle: using governor ladder
[    0.183463] cpuidle: using governor menu
[    0.184050] ACPI: bus type PCI registered
[    0.184758] acpiphp: ACPI Hot Plug PCI Controller Driver version: 0.5
[    0.185936] PCI: Using configuration type 1 for base access
[    0.186941] audit: type=2000 audit(1734665100.692:1): state=initialized audit_enabled=0 res=1
[    0.188978] HugeTLB registered 2.00 MiB page size, pre-allocated 0 pages
[    0.190411] ACPI: Added _OSI(Module Device)
[    0.192004] ACPI: Added _OSI(Processor Device)
[    0.194111] ACPI: Added _OSI(3.0 _SCP Extensions)
[    0.195215] ACPI: Added _OSI(Processor Aggregator Device)
[    0.196008] ACPI: Added _OSI(Linux-Dell-Video)
[    0.197265] ACPI: Added _OSI(Linux-Lenovo-NV-HDMI-Audio)
[    0.198745] ACPI: Added _OSI(Linux-HPI-Hybrid-Graphics)
[    0.200287] ACPI: Executed 1 blocks of module-level executable AML code
[    0.205381] ACPI: Interpreter enabled
[    0.206283] ACPI: (supports S0 S5)
[    0.206895] ACPI: Using IOAPIC for interrupt routing
[    0.208000] PCI: Using host bridge windows from ACPI; if necessary, use "pci=nocrs" and report a bug
[    0.208162] ACPI: Enabled 2 GPEs in block 00 to 07
[    0.217380] ACPI: PCI Root Bridge [PCI0] (domain 0000 [bus 00-ff])
[    0.218374] acpi PNP0A03:00: _OSC: OS supports [ASPM ClockPM Segments MSI]
[    0.220543] acpi PNP0A03:00: _OSC: not requesting OS control; OS requires [ExtendedConfig ASPM ClockPM MSI]
[    0.222624] acpi PNP0A03:00: fail to add MMCONFIG information, can't access extended PCI configuration space under this bridge.
[    0.224679] PCI host bridge to bus 0000:00
[    0.228005] pci_bus 0000:00: root bus resource [io  0x0000-0x0cf7 window]
[    0.229938] pci_bus 0000:00: root bus resource [io  0x0d00-0xffff window]
[    0.231285] pci_bus 0000:00: root bus resource [mem 0x000a0000-0x000bffff window]
[    0.232003] pci_bus 0000:00: root bus resource [mem 0x80000000-0xfdffffff window]
[    0.234264] pci_bus 0000:00: root bus resource [bus 00-ff]
[    0.237686] pci 0000:00:01.1: legacy IDE quirk: reg 0x10: [io  0x01f0-0x01f7]
[    0.239366] pci 0000:00:01.1: legacy IDE quirk: reg 0x14: [io  0x03f6]
[    0.240005] pci 0000:00:01.1: legacy IDE quirk: reg 0x18: [io  0x0170-0x0177]
[    0.241085] pci 0000:00:01.1: legacy IDE quirk: reg 0x1c: [io  0x0376]
[    0.261125] pci 0000:00:07.0: quirk: [io  0x4000-0x403f] claimed by PIIX4 ACPI
[    0.262607] pci 0000:00:07.0: quirk: [io  0x4100-0x410f] claimed by PIIX4 SMB
[    0.279484] ACPI: PCI Interrupt Link [LNKA] (IRQs 5 9 10 *11)
[    0.280322] ACPI: PCI Interrupt Link [LNKB] (IRQs 5 9 *10 11)
[    0.281514] ACPI: PCI Interrupt Link [LNKC] (IRQs 5 *9 10 11)
[    0.282527] ACPI: PCI Interrupt Link [LNKD] (IRQs 5 9 10 *11)
[    0.284299] SCSI subsystem initialized
[    0.285056] pci 0000:00:02.0: vgaarb: setting as boot VGA device
[    0.286053] pci 0000:00:02.0: vgaarb: VGA device added: decodes=io+mem,owns=io+mem,locks=none
[    0.287810] pci 0000:00:02.0: vgaarb: bridge control possible
[    0.288005] vgaarb: loaded
[    0.288641] ACPI: bus type USB registered
[    0.289420] usbcore: registered new interface driver usbfs
[    0.290340] usbcore: registered new interface driver hub
[    0.292041] usbcore: registered new device driver usb
[    0.292895] EDAC MC: Ver: 3.0.0
[    0.293758] PCI: Using ACPI for IRQ routing
[    0.294713] NetLabel: Initializing
[    0.295582] NetLabel:  domain hash size = 128
[    0.296002] NetLabel:  protocols = UNLABELED CIPSOv4 CALIPSO
[    0.296919] NetLabel:  unlabeled traffic allowed by default
[    0.298251] clocksource: Switched to clocksource kvm-clock
[    0.313275] VFS: Disk quotas dquot_6.6.0
[    0.314064] VFS: Dquot-cache hash table entries: 512 (order 0, 4096 bytes)
[    0.315231] AppArmor: AppArmor Filesystem Enabled
[    0.316046] pnp: PnP ACPI init
[    0.317666] pnp: PnP ACPI: found 3 devices
[    0.323834] clocksource: acpi_pm: mask: 0xffffff max_cycles: 0xffffff, max_idle_ns: 2085701024 ns
[    0.325301] NET: Registered protocol family 2
[    0.326096] IP idents hash table entries: 32768 (order: 6, 262144 bytes)
[    0.327332] TCP established hash table entries: 16384 (order: 5, 131072 bytes)
[    0.329276] TCP bind hash table entries: 16384 (order: 6, 262144 bytes)
[    0.330738] TCP: Hash tables configured (established 16384 bind 16384)
[    0.335022] UDP hash table entries: 1024 (order: 3, 32768 bytes)
[    0.336126] UDP-Lite hash table entries: 1024 (order: 3, 32768 bytes)
[    0.337274] NET: Registered protocol family 1
[    0.338031] pci 0000:00:00.0: Limiting direct PCI/PCI transfers
[    0.339136] pci 0000:00:01.0: Activating ISA DMA hang workarounds
[    0.340565] pci 0000:00:02.0: Video device with shadowed ROM at [mem 0x000c0000-0x000dffff]
[    0.342183] Unpacking initramfs...
[    0.653259] Freeing initrd memory: 19528K
[    0.654109] clocksource: tsc: mask: 0xffffffffffffffff max_cycles: 0x33e45b87942, max_idle_ns: 440795387867 ns
[    0.655745] platform rtc_cmos: registered platform RTC device (no PNP device found)
[    0.657048] Scanning for low memory corruption every 60 seconds
[    0.658466] Initialise system trusted keyrings
[    0.659232] Key type blacklist registered
[    0.659993] workingset: timestamp_bits=36 max_order=19 bucket_order=0
[    0.662223] zbud: loaded
[    0.663354] squashfs: version 4.0 (2009/01/31) Phillip Lougher
[    0.666697] fuse init (API version 7.26)
[    0.667927] Key type asymmetric registered
[    0.669038] Asymmetric key parser 'x509' registered
[    0.669928] Block layer SCSI generic (bsg) driver version 0.4 loaded (major 246)
[    0.671381] io scheduler noop registered
[    0.672038] io scheduler deadline registered
[    0.672854] io scheduler cfq registered (default)
[    0.673841] ACPI: AC Adapter [AC] (on-line)
[    0.674691] input: Power Button as /devices/LNXSYSTM:00/LNXPWRBN:00/input/input0
[    0.676028] ACPI: Power Button [PWRF]
[    0.676775] input: Sleep Button as /devices/LNXSYSTM:00/LNXSLPBN:00/input/input1
[    0.677992] ACPI: Sleep Button [SLPF]
[    0.679325] Serial: 8250/16550 driver, 32 ports, IRQ sharing enabled
[    0.701004] 00:02: ttyS0 at I/O 0x3f8 (irq = 4, base_baud = 115200) is a 16550A
[    0.703432] Linux agpgart interface v0.103
[    0.705359] loop: module loaded
[    0.706449] scsi host0: ata_piix
[    0.707080] scsi host1: ata_piix
[    0.707684] ata1: PATA max UDMA/33 cmd 0x1f0 ctl 0x3f6 bmdma 0xd000 irq 14
[    0.708764] ata2: PATA max UDMA/33 cmd 0x170 ctl 0x376 bmdma 0xd008 irq 15
[    0.710146] tun: Universal TUN/TAP device driver, 1.6
[    0.711070] PPP generic driver version 2.4.2
[    0.712123] ehci_hcd: USB 2.0 'Enhanced' Host Controller (EHCI) Driver
[    0.713142] ehci-pci: EHCI PCI platform driver
[    0.713913] ehci-platform: EHCI generic platform driver
[    0.714753] ohci_hcd: USB 1.1 'Open' Host Controller (OHCI) Driver
[    0.715714] ohci-pci: OHCI PCI platform driver
[    0.716482] ohci-platform: OHCI generic platform driver
[    0.717325] uhci_hcd: USB Universal Host Controller Interface driver
[    0.718379] i8042: PNP: PS/2 Controller [PNP0303:PS2K,PNP0f03:PS2M] at 0x60,0x64 irq 1,12
[    0.720249] serio: i8042 KBD port at 0x60,0x64 irq 1
[    0.721120] serio: i8042 AUX port at 0x60,0x64 irq 12
[    0.722033] mousedev: PS/2 mouse device common for all mice
[    0.723163] input: AT Translated Set 2 keyboard as /devices/platform/i8042/serio0/input/input2
[    0.725779] rtc_cmos rtc_cmos: rtc core: registered rtc_cmos as rtc0
[    0.726860] rtc_cmos rtc_cmos: alarms up to one day, 114 bytes nvram
[    0.727858] i2c /dev entries driver
[    0.728524] device-mapper: uevent: version 1.0.3
[    0.729718] device-mapper: ioctl: 4.37.0-ioctl (2017-09-20) initialised: dm-devel@redhat.com
[    0.731220] ledtrig-cpu: registered to indicate activity on CPUs
[    0.732457] intel_pmc_core:  initialized
[    0.733352] NET: Registered protocol family 10
[    0.736947] Segment Routing with IPv6
[    0.737641] NET: Registered protocol family 17
[    0.738429] Key type dns_resolver registered
[    0.739216] mce: Using 0 MCE banks
[    0.739851] RAS: Correctable Errors collector initialized.
[    0.740832] sched_clock: Marking stable (740802616, 0)->(940875538, -200072922)
[    0.742157] registered taskstats version 1
[    0.742914] Loading compiled-in X.509 certificates
[    0.745613] Loaded X.509 cert 'Build time autogenerated kernel key: b5b26778eaa3ab3a4a6cee031137706e947d12ad'
[    0.747592] Loaded X.509 cert 'Canonical Ltd. Live Patch Signing: 14df34d1a87cf37625abec039ef2bf521249b969'
[    0.749598] Loaded X.509 cert 'Canonical Ltd. Kernel Module Signing: 88f752e560a1e0737e31163a466ad7b70a850c19'
[    0.751182] blacklist: Loading compiled-in revocation X.509 certificates
[    0.752366] Loaded X.509 cert 'Canonical Ltd. Secure Boot Signing: 61482aa2830d0ab2ad5af10b7250da9033ddcef0'
[    0.754150] Loaded X.509 cert 'Canonical Ltd. Secure Boot Signing (2017): 242ade75ac4a15e50d50c84b0d45ff3eae707a03'
[    0.756143] Loaded X.509 cert 'Canonical Ltd. Secure Boot Signing (ESM 2018): 365188c1d374d6b07c3c8f240f8ef722433d6a8b'
[    0.757829] Loaded X.509 cert 'Canonical Ltd. Secure Boot Signing (2019): c0746fd6c5da3ae827864651ad66ae47fe24b3e8'
[    0.759495] Loaded X.509 cert 'Canonical Ltd. Secure Boot Signing (2021 v1): a8d54bbb3825cfb94fa13c9f8a594a195c107b8d'
[    0.761157] Loaded X.509 cert 'Canonical Ltd. Secure Boot Signing (2021 v2): 4cf046892d6fd3c9a5b03f98d845f90851dc6a8c'
[    0.762890] Loaded X.509 cert 'Canonical Ltd. Secure Boot Signing (2021 v3): 100437bb6de6e469b581e61cd66bce3ef4ed53af'
[    0.765138] Loaded X.509 cert 'Canonical Ltd. Secure Boot Signing (Ubuntu Core 2019): c1d57b8f6b743f23ee41f4f7ee292f06eecadfb9'
[    0.767064] zswap: loaded using pool lzo/zbud
[    0.772009] Key type big_key registered
[    0.772812] Key type trusted registered
[    0.776165] Key type encrypted registered
[    0.777144] AppArmor: AppArmor sha1 policy hashing enabled
[    0.778096] ima: No TPM chip found, activating TPM-bypass! (rc=-19)
[    0.779255] ima: Allocated hash algorithm: sha1
[    0.780115] evm: HMAC attrs: 0x1
[    0.781249]   Magic number: 4:231:412
[    0.782289] rtc_cmos rtc_cmos: setting system clock to 2024-12-20 03:24:56 UTC (1734665096)
[    0.784541] BIOS EDD facility v0.16 2004-Jun-25, 0 devices found
[    0.786121] EDD information not available.
[    0.892961] Freeing unused kernel image memory: 2480K
[    0.904468] Write protecting the kernel read-only data: 20480k
[    0.905835] Freeing unused kernel image memory: 2008K
[    0.906893] Freeing unused kernel image memory: 1820K
[    0.914485] x86/mm: Checked W+X mappings: passed, no W+X pages found.
[    0.915616] x86/mm: Checking user space page tables
[    0.923105] x86/mm: Checked W+X mappings: passed, no W+X pages found.
Loading, please wait...
starting version 237
[    1.019898] e1000: Intel(R) PRO/1000 Network Driver - version 7.3.21-k8-NAPI
[    1.021316] e1000: Copyright (c) 1999-2006 Intel Corporation.
[    1.026892] Fusion MPT base driver 3.04.20
[    1.028299] Copyright (c) 1999-2008 LSI Corporation
[    1.045812] Fusion MPT SPI Host driver 3.04.20
[    1.066093] AVX2 version of gcm_enc/dec engaged.
[    1.067095] AES CTR mode by8 optimization enabled
[    1.249395] input: ImExPS/2 Generic Explorer Mouse as /devices/platform/i8042/serio1/input/input4
[    1.477529] e1000 0000:00:03.0 eth0: (PCI:33MHz:32-bit) 02:3b:7b:b7:3b:2d
[    1.478827] e1000 0000:00:03.0 eth0: Intel(R) PRO/1000 Network Connection
[    1.480730] mptbase: ioc0: Initiating bringup
[    1.588779] ioc0: LSI53C1030 A0: Capabilities={Initiator}
[    1.830515] scsi host2: ioc0: LSI53C1030 A0, FwRev=00000000h, Ports=1, MaxQ=256, IRQ=20
[    1.996406] scsi 2:0:0:0: Direct-Access     VBOX     HARDDISK         1.0  PQ: 0 ANSI: 5
[    1.998363] scsi target2:0:0: Beginning Domain Validation
[    2.003021] scsi target2:0:0: Domain Validation skipping write tests
[    2.004238] scsi target2:0:0: Ending Domain Validation
[    2.005360] scsi target2:0:0: asynchronous
[    2.006813] scsi 2:0:1:0: Direct-Access     VBOX     HARDDISK         1.0  PQ: 0 ANSI: 5
[    2.008128] scsi target2:0:1: Beginning Domain Validation
[    2.010886] scsi target2:0:1: Domain Validation skipping write tests
[    2.011944] scsi target2:0:1: Ending Domain Validation
[    2.012926] scsi target2:0:1: asynchronous
[    2.018489] sd 2:0:0:0: [sda] 83886080 512-byte logical blocks: (42.9 GB/40.0 GiB)
[    2.019955] sd 2:0:0:0: [sda] Write Protect is off
[    2.021001] sd 2:0:0:0: [sda] Incomplete mode parameter data
[    2.021898] sd 2:0:0:0: [sda] Assuming drive cache: write through
[    2.022851] sd 2:0:0:0: Attached scsi generic sg0 type 0
[    2.024301] sd 2:0:1:0: [sdb] 20480 512-byte logical blocks: (10.5 MB/10.0 MiB)
[    2.025509] sd 2:0:1:0: [sdb] Write Protect is off
[    2.026506] sd 2:0:1:0: [sdb] Incomplete mode parameter data
[    2.027474] sd 2:0:1:0: [sdb] Assuming drive cache: write through
[    2.028666] sd 2:0:1:0: Attached scsi generic sg1 type 0
[    2.071295]  sda: sda1
[    2.077241] sd 2:0:0:0: [sda] Attached SCSI disk
[    2.087391] sd 2:0:1:0: [sdb] Attached SCSI disk
[    2.412400] e1000 0000:00:08.0 eth1: (PCI:33MHz:32-bit) 08:00:27:40:c7:42
[    2.413688] e1000 0000:00:08.0 eth1: Intel(R) PRO/1000 Network Connection
[    2.415990] e1000 0000:00:08.0 enp0s8: renamed from eth1
[    2.418707] e1000 0000:00:03.0 enp0s3: renamed from eth0
Begin: Loading essential drivers ... [    3.908159] raid6: sse2x1   gen() 13034 MB/s
[    3.956095] raid6: sse2x1   xor()  8803 MB/s
[    4.004102] raid6: sse2x2   gen() 15625 MB/s
[    4.052016] raid6: sse2x2   xor()  9626 MB/s
[    4.100054] raid6: sse2x4   gen() 17197 MB/s
[    4.148050] raid6: sse2x4   xor() 10826 MB/s
[    4.196062] raid6: avx2x1   gen() 24174 MB/s
[    4.244022] raid6: avx2x1   xor() 18122 MB/s
[    4.292046] raid6: avx2x2   gen() 32141 MB/s
[    4.340057] raid6: avx2x2   xor() 18978 MB/s
[    4.388068] raid6: avx2x4   gen() 35138 MB/s
[    4.436192] raid6: avx2x4   xor() 19398 MB/s
[    4.437239] raid6: using algorithm avx2x4 gen() 35138 MB/s
[    4.438253] raid6: .... xor() 19398 MB/s, rmw enabled
[    4.439160] raid6: using avx2x2 recovery algorithm
[    4.441533] xor: automatically using best checksumming function   avx       
[    4.444055] async_tx: api initialized (async)
done.
Begin: Running /scripts/init-premount ... done.
Begin: Mounting root file system ... Begin: Running /scripts/local-top ... done.
Begin: Running /scripts/local-premount ... [    4.496156] Btrfs loaded, crc32c=crc32c-intel
Scanning for Btrfs filesystems
done.
Warning: fsck not present, so skipping root file system
[    4.525463] EXT4-fs (sda1): mounted filesystem with ordered data mode. Opts: (null)
done.
Begin: Running /scripts/local-bottom ... done.
Begin: Running /scripts/init-bottom ... done.
[    4.694406] ip_tables: (C) 2000-2006 Netfilter Core Team
[    4.703768] systemd[1]: systemd 237 running in system mode. (+PAM +AUDIT +SELINUX +IMA +APPARMOR +SMACK +SYSVINIT +UTMP +LIBCRYPTSETUP +GCRYPT +GNUTLS +ACL +XZ +LZ4 +SECCOMP +BLKID +ELFUTILS +KMOD -IDN2 +IDN -PCRE2 default-hierarchy=hybrid)
[    4.707644] systemd[1]: Detected virtualization oracle.
[    4.709040] systemd[1]: Detected architecture x86-64.

Welcome to [1mUbuntu 18.04.6 LTS[0m!

[    4.712688] systemd[1]: Set hostname to <ubuntu>.
[    4.716054] systemd[1]: Initializing machine ID from random generator.
[    4.717176] systemd[1]: Installed transient /etc/machine-id file.
[    4.935639] systemd[1]: Created slice System Slice.
[[0;32m  OK  [0m] Created slice System Slice.
[    4.937051] systemd[1]: Listening on /dev/initctl Compatibility Named Pipe.
[[0;32m  OK  [0m] Listening on /dev/initctl Compatibility Named Pipe.
[    4.938799] systemd[1]: Listening on Journal Socket (/dev/log).
[[0;32m  OK  [0m] Listening on Journal Socket (/dev/log).
[    4.940615] systemd[1]: Listening on Network Service Netlink Socket.
[[0;32m  OK  [0m] Listening on Network Service Netlink Socket.
[[0;32m  OK  [0m] Listening on LVM2 metadata daemon socket.
[[0;32m  OK  [0m] Reached target User and Group Name Lookups.
[[0;32m  OK  [0m] Listening on Syslog Socket.
[[0;32m  OK  [0m] Listening on Journal Audit Socket.
[[0;32m  OK  [0m] Created slice system-serial\x2dgetty.slice.
[[0;32m  OK  [0m] Listening on fsck to fsckd communication Socket.
[[0;32m  OK  [0m] Listening on udev Control Socket.
[[0;32m  OK  [0m] Reached target Swap.
[[0;32m  OK  [0m] Listening on Journal Socket.
         Starting Create list of required st…ce nodes for the current kernel...
         Starting Uncomplicated firewall...
         Mounting Huge Pages File System...
         Starting File System Check on Root Device...
[[0;32m  OK  [0m] Listening on LVM2 poll daemon socket.
         Mounting POSIX Message Queue File System...
[[0;32m  OK  [0m] Listening on udev Kernel Socket.
[[0;32m  OK  [0m] Listening on Device-mapper event daemon FIFOs.
         Starting Monitoring of LVM2 mirrors…ng dmeventd or progress polling...
         Mounting Kernel Debug File System...
[[0;32m  OK  [0m] Created slice User and Session Slice.
         Starting Journal Service...
         Starting Set the console keyboard layout...
         Starting Load Kernel Modules...
         Starting udev Coldplug all Devices...
[[0;32m  OK  [0m] Reached target Slices.
[[0;32m  OK  [0m] Set up automount Arbitrary Executab…rmats File System Automount Point.
[[0;32m  OK  [0m] Reached target Mounting snaps.
[[0;32m  OK  [0m] Reached target Mounted snaps.
[[0;32m  OK  [0m] Started Forward Password Requests to Wall Directory Watch.
[[0;32m  OK  [0m] Reached target System Time Synchronized.
[[0;32m  OK  [0m] Started Create list of required sta…vice nodes for the current kernel.
[[0;32m  OK  [0m] Started Uncomplicated firewall.
[[0;32m  OK  [0m] Mounted Huge Pages File System.
[[0;32m  OK  [0m] Mounted POSIX Message Queue File System.
[[0;32m  OK  [0m] Mounted Kernel Debug File System.
[[0;32m  OK  [0m] Started File System Check Daemon to report status.
         Starting Create Static Device Nodes in /dev...
[[0;32m  OK  [0m] Started LVM2 metadata daemon.
[[0;32m  OK  [0m] Started File System Check on Root Device.
         Starting Remount Root and Kernel File Systems...
[    5.073813] Loading iSCSI transport class v2.0-870.
[[0;32m  OK  [0m] Started Journal Service.
[    5.082252] iscsi: registered transport (tcp)
[[0;32m  OK  [0m] Started Create Static Device Nodes in /dev.
[[0;32m  OK  [0m] Started udev Coldplug all Devices.
[    5.172944] EXT4-fs (sda1): re-mounted. Opts: (null)
[[0;32m  OK  [0m] Started Remount Root and Kernel File Systems.
         Starting Flush Journal to Persistent Storage...
[    5.185404] iscsi: registered transport (iser)
         Starting udev Kernel Device Manager...
         Starting Load/Save Random Seed...
[[0;32m  OK  [0m] Started Load Kernel Modules.
         Mounting FUSE Control File System...
         Mounting Kernel Configuration File System...
         Starting Apply Kernel Variables...
[[0;32m  OK  [0m] Started Monitoring of LVM2 mirrors,…sing dmeventd or progress polling.
[[0;32m  OK  [0m] Mounted FUSE Control File System.
[[0;32m  OK  [0m] Mounted Kernel Configuration File System.
[    5.223732] systemd-journald[402]: Received request to flush runtime journal from PID 1
[[0;32m  OK  [0m] Started Load/Save Random Seed.
[[0;32m  OK  [0m] Started udev Kernel Device Manager.
[[0;32m  OK  [0m] Started Apply Kernel Variables.
[[0;32m  OK  [0m] Started Flush Journal to Persistent Storage.
[[0;32m  OK  [0m] Found device /dev/ttyS0.
[[0;32m  OK  [0m] Listening on Load/Save RF Kill Switch Status /dev/rfkill Watch.
         Mounting Arbitrary Executable File Formats File System...
[[0;32m  OK  [0m] Mounted Arbitrary Executable File Formats File System.
[[0;32m  OK  [0m] Started Set the console keyboard layout.
[[0;32m  OK  [0m] Reached target Local File Systems (Pre).
[[0;32m  OK  [0m] Reached target Local File Systems.
         Starting Set console font and keymap...
         Starting AppArmor initialization...
         Starting ebtables ruleset management...
         Starting Tell Plymouth To Write Out Runtime Data...
         Starting Commit a transient machine-id on disk...
         Starting Create Volatile Files and Directories...
[[0;32m  OK  [0m] Started Dispatch Password Requests to Console Directory Watch.
[[0;32m  OK  [0m] Reached target Local Encrypted Volumes.
[[0;32m  OK  [0m] Started Tell Plymouth To Write Out Runtime Data.
[[0;32m  OK  [0m] Started Commit a transient machine-id on disk.
[[0;32m  OK  [0m] Started Create Volatile Files and Directories.
         Starting Update UTMP about System Boot/Shutdown...
[[0;32m  OK  [0m] Started Update UTMP about System Boot/Shutdown.
[[0;32m  OK  [0m] Started ebtables ruleset management.
[[0;32m  OK  [0m] Started Set console font and keymap.
[[0;32m  OK  [0m] Started AppArmor initialization.
         Starting Initial cloud-init job (pre-networking)...
         Starting Load AppArmor profiles managed internally by snapd...
[[0;32m  OK  [0m] Started Load AppArmor profiles managed internally by snapd.
[   11.815810] cloud-init[795]: Cloud-init v. 23.1.2-0ubuntu0~18.04.1 running 'init-local' at Fri, 20 Dec 2024 03:25:07 +0000. Up 11.33 seconds.
[[0;32m  OK  [0m] Started Initial cloud-init job (pre-networking).
[[0;32m  OK  [0m] Reached target Network (Pre).
         Starting Network Service...
[[0;32m  OK  [0m] Started Network Service.
         Starting Network Name Resolution...
         Starting Wait for Network to be Configured...
[[0;32m  OK  [0m] Started Network Name Resolution.
[[0;32m  OK  [0m] Reached target Host and Network Name Lookups.
[[0;32m  OK  [0m] Reached target Network.
[[0;32m  OK  [0m] Started Wait for Network to be Configured.
         Starting Initial cloud-init job (metadata service crawler)...
[   14.807521] cloud-init[913]: Cloud-init v. 23.1.2-0ubuntu0~18.04.1 running 'init' at Fri, 20 Dec 2024 03:25:10 +0000. Up 14.57 seconds.
[   14.808384] cloud-init[913]: ci-info: ++++++++++++++++++++++++++++++++++++++Net device info+++++++++++++++++++++++++++++++++++++++
[   14.809909] cloud-init[913]: ci-info: +--------+-------+----------------------------+---------------+--------+-------------------+
[   14.811257] cloud-init[913]: ci-info: | Device |   Up  |          Address           |      Mask     | Scope  |     Hw-Address    |
[   14.812152] cloud-init[913]: ci-info: +--------+-------+----------------------------+---------------+--------+-------------------+
[   14.815056] cloud-init[913]: ci-info: | enp0s3 |  True |         10.0.2.15          | 255.255.255.0 | global | 02:3b:7b:b7:3b:2d |
[   14.815969] cloud-init[913]: ci-info: | enp0s3 |  True | fe80::3b:7bff:feb7:3b2d/64 |       .       |  link  | 02:3b:7b:b7:3b:2d |
[   14.828850] cloud-init[913]: ci-info: | enp0s8 | False |             .              |       .       |   .    | 08:00:27:40:c7:42 |
[   14.830160] cloud-init[913]: ci-info: |   lo   |  True |         127.0.0.1          |   255.0.0.0   |  host  |         .         |
[   14.831319] cloud-init[913]: ci-info: |   lo   |  True |          ::1/128           |       .       |  host  |         .         |
[   14.844263] cloud-init[913]: ci-info: +--------+-------+----------------------------+---------------+--------+-------------------+
[   14.856172] cloud-init[913]: ci-info: ++++++++++++++++++++++++++++Route IPv4 info+++++++++++++++++++++++++++++
[   14.856874] cloud-init[913]: ci-info: +-------+-------------+----------+-----------------+-----------+-------+
[   14.857555] cloud-init[913]: ci-info: | Route | Destination | Gateway  |     Genmask     | Interface | Flags |
[   14.858380] cloud-init[913]: ci-info: +-------+-------------+----------+-----------------+-----------+-------+
[   14.868151] cloud-init[913]: ci-info: |   0   |   0.0.0.0   | 10.0.2.2 |     0.0.0.0     |   enp0s3  |   UG  |
[   14.880249] cloud-init[913]: ci-info: |   1   |   10.0.2.0  | 0.0.0.0  |  255.255.255.0  |   enp0s3  |   U   |
[   14.881111] cloud-init[913]: ci-info: |   2   |   10.0.2.2  | 0.0.0.0  | 255.255.255.255 |   enp0s3  |   UH  |
[   14.881973] cloud-init[913]: ci-info: +-------+-------------+----------+-----------------+-----------+-------+
[   14.883682] cloud-init[913]: ci-info: +++++++++++++++++++Route IPv6 info+++++++++++++++++++
[   14.884404] cloud-init[913]: ci-info: +-------+-------------+---------+-----------+-------+
[   14.896140] cloud-init[913]: ci-info: | Route | Destination | Gateway | Interface | Flags |
[   14.896704] cloud-init[913]: ci-info: +-------+-------------+---------+-----------+-------+
[   14.897413] cloud-init[913]: ci-info: |   1   |  fe80::/64  |    ::   |   enp0s3  |   U   |
[   14.898125] cloud-init[913]: ci-info: |   3   |    local    |    ::   |   enp0s3  |   U   |
[   14.900111] cloud-init[913]: ci-info: |   4   |   ff00::/8  |    ::   |   enp0s3  |   U   |
[   14.900872] cloud-init[913]: ci-info: +-------+-------------+---------+-----------+-------+
[   16.138966] cloud-init[913]: Generating public/private rsa key pair.
[   16.139756] cloud-init[913]: Your identification has been saved in /etc/ssh/ssh_host_rsa_key.
[   16.152377] cloud-init[913]: Your public key has been saved in /etc/ssh/ssh_host_rsa_key.pub.
[   16.153229] cloud-init[913]: The key fingerprint is:
[   16.153802] cloud-init[913]: SHA256:mlazNazGix98U3dnmx7vDOULNYAsIG9SppFACopdxBQ root@ubuntu-bionic
[   16.154776] cloud-init[913]: The key's randomart image is:
[   16.155340] cloud-init[913]: +---[RSA 2048]----+
[   16.160195] cloud-init[913]: |. .*E+.+         |
[   16.172211] cloud-init[913]: |+.....B . . .    |
[   16.184341] cloud-init[913]: |o..  o o . o .   |
[   16.185065] cloud-init[913]: |      o  ..   .  |
[   16.196213] cloud-init[913]: |        S + . .o=|
[   16.196608] cloud-init[913]: |       * = o ..==|
[   16.208192] cloud-init[913]: |      + B o  ..+.|
[   16.208548] cloud-init[913]: |     . o + .  oo+|
[   16.209059] cloud-init[913]: |      ..o      ++|
[   16.209548] cloud-init[913]: +----[SHA256]-----+
[[0;32m  OK  [0m] Started Initial cloud-init job (metadata service crawler).
[[0;32m  OK  [0m[   16.223587] cloud-init[913]: Generating public/private dsa key pair.
[   16.224756] cloud-init[913]: Your identification has been saved in /etc/ssh/ssh_host_dsa_key.
[   16.225080] cloud-init[913]: Your public key has been saved in /etc/ssh/ssh_host_dsa_key.pub.
[   16.225558] cloud-init[913]: The key fingerprint is:
[   16.226003] cloud-init[913]: SHA256:JM4XSRutmtXcSt8kSEt+Pg+pYnFzT9rp8HwXPBVrD9o root@ubuntu-bionic
[   16.226802] cloud-init[913]: The key's randomart image is:
[   16.227481] cloud-init[913]: +---[DSA 1024]----+] Reached target Network is Online.

[   16.245058] cloud-init[913]: |        o.       |
[   16.245835] cloud-init[913]: |       . ++    . |
[   16.256864] cloud-init[913]: |      . =B +    o|
[   16.257812] cloud-init[913]: |     o oo.B + oo.|
[   16.258303] cloud-init[913]: |      o+S. = Bo.o|
[   16.258780] cloud-init[913]: |      o.. + O E+.|
[   16.259289] cloud-init[913]: |         o +.O .o|
[   16.259779] cloud-init[913]: |        o . .+= o|
[   16.260350] cloud-init[913]: |       . .   .+..|
[   16.272420] cloud-init[913]: +----[SHA256]-----+
[   16.273152] cloud-init[913]: Generating public/private ecdsa key pair.
[   16.274269] cloud-init[913]: Your identification has been saved in /etc/ssh/ssh_host_ecdsa_key.
[   16.275649] cloud-init[913]: Your public key has been saved in /etc/ssh/ssh_host_ecdsa_key.pub.
[   16.277143] cloud-init[913]: The key fingerprint is:
[   16.277901] cloud-init[913]: SHA256:W05SeL9y2xB6ETAIh/fOmUDVTPDHQrQ3tYLK8oZddpM root@ubuntu-bionic
[   16.288968] cloud-init[913]: The key's randomart image is:
[   16.289817] cloud-init[913]: +---[ECDSA 256]---+
[   16.290348] cloud-init[913]: |      .o.o=*+   .|
[   16.300708] cloud-init[913]: |      ..+. =+o ..|
[   16.301603] cloud-init[913]: |       o..o.=.=. |
[   16.303137] cloud-init[913]: |        ooo. =o. |
[   16.303866] cloud-init[913]: |       .S*o=+E   |
[   16.304666] cloud-init[913]: |        =*B..+.  |
[   16.305645] cloud-init[913]: |       ..++ =    |
[[0;32m  OK  [0m] Reached target Remote File Systems (Pre).
[[0;32m  OK  [0m] Reached target Remote File Systems.
[   16.319760] cloud-init[913]: |        .  + +   |
[   16.334017] cloud-init[913]: |            . .  |
         Starting Availability of block devices...
[   16.343417] cloud-init[913]: +----[SHA256]-----+
[   16.344178] cloud-init[913]: Generating public/private ed25519 key pair.
[[0;32m  OK  [0m] Reached target System Initialization.
[   16.347587] cloud-init[913]: Your identification has been saved in /etc/ssh/ssh_host_ed25519_key.[[0;32m  OK  [0m] Listening on D-Bus System Message Bus Socket.

[   16.349977] cloud-init[913]: Your public key has been saved in /etc/ssh/ssh_host_ed25519_key.pub.
[   16.351568] cloud-init[913]: The key fingerprint is:
[   16.352196] cloud-init[913]: SHA256:2iXU7+8lCBK1KE+mWlTc+XWdpmHOLhm0pnNpIhzumAY root@ubuntu-bionic
[   16.354050] cloud-init[913]: The key's randomart image is:
[   16.354784] cloud-init[913]: +--[ED25519 256]--+
[   16.355966] cloud-init[913]: |       .....    o|
[   16.369027] cloud-init[913]: |       ..+oo o.oo|
[   16.370087] cloud-init[913]: |      o * +.=.+. |
[   16.370634] cloud-init[913]: |     . O . =.+   |
[   16.371250] cloud-init[913]: |      = S = *    |
[   16.371711] cloud-init[913]: |   E o * B O o   |
[   16.384577] cloud-init[913]: |    o = o = + . .|
[   16.385177] cloud-init[913]: |     + .     . o |
[   16.385958] cloud-init[913]: |    .        .o  |
[   16.398538] cloud-init[913]: +----[SHA256]-----+
         Starting LXD - unix socket.
[[0;32m  OK  [0m] Started Discard unused blocks once a week.
[[0;32m  OK  [0m] Listening on UUID daemon activation socket.
[[0;32m  OK  [0m] Started Daily Cleanup of Temporary Directories.
[[0;32m  OK  [0m] Started Ubuntu Advantage Timer for running repeated jobs.
[[0;32m  OK  [0m] Started ACPI Events Check.
[[0;32m  OK  [0m] Listening on Open-iSCSI iscsid Socket.
[[0;32m  OK  [0m] Reached target Paths.
[[0;32m  OK  [0m] Started Daily apt download activities.
[[0;32m  OK  [0m] Started Daily apt upgrade and clean activities.
[[0;32m  OK  [0m] Listening on ACPID Listen Socket.
[[0;32m  OK  [0m] Started Message of the Day.
[[0;32m  OK  [0m] Reached target Timers.
         Starting Socket activation for snappy daemon.
[[0;32m  OK  [0m] Listening on cloud-init hotplug hook socket.
[[0;32m  OK  [0m] Reached target Cloud-config availability.
[[0;32m  OK  [0m] Started Availability of block devices.
[[0;32m  OK  [0m] Listening on LXD - unix socket.
[[0;32m  OK  [0m] Listening on Socket activation for snappy daemon.
[[0;32m  OK  [0m] Reached target Sockets.
[[0;32m  OK  [0m] Reached target Basic System.
         Starting Login Service...
         Starting Dispatcher daemon for systemd-networkd...
[[0;32m  OK  [0m] Started Deferred execution scheduler.
[[0;32m  OK  [0m] Started Regular background program processing daemon.
         Starting Virtualbox guest utils...
         Starting Snap Daemon...
[[0;32m  OK  [0m] Started irqbalance daemon.
[[0;32m  OK  [0m] Started FUSE filesystem for LXC.
[[0;32m  OK  [0m] Reached target Login Prompts (Pre).
         Starting LXD - container startup/shutdown...
         Starting System Logging Service...
[[0;32m  OK  [0m] Started D-Bus System Message Bus.
[[0;32m  OK  [0m] Started Login Service.
[[0;32m  OK  [0m] Started Unattended Upgrades Shutdown.
         Starting Permit User Sessions...
         Starting LSB: Record successful boot for GRUB...
         Starting Accounts Service...
         Starting Pollinate to seed the pseudo random number generator...
         Starting LSB: automatic crash report generation...
[[0;32m  OK  [0m] Started System Logging Service.
[[0;32m  OK  [0m] Started Permit User Sessions.
         Starting Terminate Plymouth Boot Screen...
         Starting Hold until boot process finishes up...
[[0;32m  OK  [0m] Started Hold until boot process finishes up.
[[0;32m  OK  [0m] Started Serial Getty on ttyS0.
         Starting Set console scheme...
[[0;32m  OK  [0m] Started Terminate Plymouth Boot Screen.
[[0;32m  OK  [0m] Started LXD - container startup/shutdown.
[[0;32m  OK  [0m] Started Set console scheme.
[[0;32m  OK  [0m] Created slice system-getty.slice.
[[0;32m  OK  [0m] Started Getty on tty1.
[[0;32m  OK  [0m] Reached target Login Prompts.
[[0;32m  OK  [0m] Started Dispatcher daemon for systemd-networkd.
[[0;32m  OK  [0m] Started LSB: automatic crash report generation.
         Starting Authorization Manager...
[[0;32m  OK  [0m] Started Virtualbox guest utils.
[[0;32m  OK  [0m] Started LSB: Record successful boot for GRUB.
[[0;32m  OK  [0m] Started Authorization Manager.
[[0;32m  OK  [0m] Started Accounts Service.
[[0;32m  OK  [0m] Started Snap Daemon.
         Starting Wait until snapd is fully seeded...
         Starting Time & Date Service...
[[0;32m  OK  [0m] Started Time & Date Service.
[[0;32m  OK  [0m] Started Pollinate to seed the pseudo random number generator.
         Starting OpenBSD Secure Shell server...
[[0;32m  OK  [0m] Started OpenBSD Secure Shell server.
[[0;32m  OK  [0m] Created slice User Slice of vagrant.
         Starting User Manager for UID 1000...
[[0;32m  OK  [0m] Started Session 1 of user vagrant.
[[0;32m  OK  [0m] Started User Manager for UID 1000.

Ubuntu 18.04.6 LTS ubuntu-bionic ttyS0

ubuntu-bionic login: [   26.234795] cloud-init[1626]: Cloud-init v. 23.1.2-0ubuntu0~18.04.1 running 'modules:config' at Fri, 20 Dec 2024 03:25:20 +0000. Up 25.18 seconds.
ci-info: no authorized SSH keys fingerprints found for user ubuntu.
<14>Dec 20 03:25:23 cloud-init: #############################################################
<14>Dec 20 03:25:23 cloud-init: -----BEGIN SSH HOST KEY FINGERPRINTS-----
<14>Dec 20 03:25:23 cloud-init: 1024 SHA256:JM4XSRutmtXcSt8kSEt+Pg+pYnFzT9rp8HwXPBVrD9o root@ubuntu-bionic (DSA)
<14>Dec 20 03:25:23 cloud-init: 256 SHA256:W05SeL9y2xB6ETAIh/fOmUDVTPDHQrQ3tYLK8oZddpM root@ubuntu-bionic (ECDSA)
<14>Dec 20 03:25:23 cloud-init: 256 SHA256:2iXU7+8lCBK1KE+mWlTc+XWdpmHOLhm0pnNpIhzumAY root@ubuntu-bionic (ED25519)
<14>Dec 20 03:25:23 cloud-init: 2048 SHA256:mlazNazGix98U3dnmx7vDOULNYAsIG9SppFACopdxBQ root@ubuntu-bionic (RSA)
<14>Dec 20 03:25:23 cloud-init: -----END SSH HOST KEY FINGERPRINTS-----
<14>Dec 20 03:25:23 cloud-init: #############################################################
-----BEGIN SSH HOST KEY KEYS-----
ecdsa-sha2-nistp256 AAAAE2VjZHNhLXNoYTItbmlzdHAyNTYAAAAIbmlzdHAyNTYAAABBBC8tr+31+QN2hwTvaaXMvzjfRU4Dvdx8M9BmBgZhc9yR3kXCbSl6b9BrXx/6sZzWHnM4qlzbfOq8IMgBf6xIlUU= root@ubuntu-bionic
ssh-ed25519 AAAAC3NzaC1lZDI1NTE5AAAAIP/i38lNjZTEgQyb6dYSBI/X5wRnKxJefuR8037RIcrv root@ubuntu-bionic
ssh-rsa AAAAB3NzaC1yc2EAAAADAQABAAABAQCqS44WM9hYEwTR72D+5ZVq1t2ecPCV0td6z1PtS+5J3YNdMSFFeAeEWBahSZNdW8Mq50Bf8CEWs7FXCicTZ58DMaDSHofJzHJR57vdEuSqOKEIKTfUAM7WrRGy90Ne6SZY8BOROcMtCp2bYIcMWk0KH4pmQEHOJ+o1h//IrbloKFI0CsUL5Z7lYzAg5xJSQywhgrTmbE0cG51o/V8pddUq+cUx6HhEc45f7mBYe1zVcJi5NcaBCYHofEa/Ny0VFCyKgxlEQzm0cA1umpu5SKT3mmwaqp570ZGqzkL2VyLg2YSMgLmGOV8Z72ACwI9e42469D3sGnA8IvkXYbhZuJ2J root@ubuntu-bionic
-----END SSH HOST KEY KEYS-----
[   27.746611] cloud-init[1822]: Cloud-init v. 23.1.2-0ubuntu0~18.04.1 running 'modules:final' at Fri, 20 Dec 2024 03:25:22 +0000. Up 27.16 seconds.
[   27.747976] cloud-init[1822]: Cloud-init v. 23.1.2-0ubuntu0~18.04.1 finished at Fri, 20 Dec 2024 03:25:23 +0000. Datasource DataSourceNoCloud [seed=/dev/sdb][dsmode=net].  Up 27.73 seconds
